Using pre-set license
Built from '2020.2/release' branch; Version is '2020.2.2f1 (068178b99f32) revision 426360'; Using compiler version '192528614'; Build Type 'Release'
OS: 'Windows 10 Pro; OS build 19041.746; Version 2004; 64bit' Language: 'no' Physical Memory: 16348 MB
BatchMode: 1, IsHumanControllingUs: 0, StartBugReporterOnCrash: 0, Is64bit: 1, IsPro: 0

 COMMAND LINE ARGUMENTS:
C:\Program Files\Unity\Hub\Editor\2020.2.2f1\Editor\Unity.exe
-adb2
-batchMode
-noUpm
-name
AssetImportWorker1
-projectPath
C:/Users/God/Attack Prototype
-logFile
Logs/AssetImportWorker1.log
-srvPort
49265
Successfully changed project path to: C:/Users/God/Attack Prototype
C:/Users/God/Attack Prototype
Using Asset Import Pipeline V2.
Refreshing native plugins compatible for Editor in 84.37 ms, found 1 plugins.
Preloading 0 native plugins for Editor in 0.00 ms.
Initialize engine version: 2020.2.2f1 (068178b99f32)
[Subsystems] Discovering subsystems at path C:/Program Files/Unity/Hub/Editor/2020.2.2f1/Editor/Data/Resources/UnitySubsystems
[Subsystems] Discovering subsystems at path C:/Users/God/Attack Prototype/Assets
GfxDevice: creating device client; threaded=0
Direct3D:
    Version:  Direct3D 11.0 [level 11.1]
    Renderer: AMD Radeon R9 200 Series (ID=0x6810)
    Vendor:   
    VRAM:     2027 MB
    Driver:   27.20.1034.6
Initialize mono
Mono path[0] = 'C:/Program Files/Unity/Hub/Editor/2020.2.2f1/Editor/Data/Managed'
Mono path[1] = 'C:/Program Files/Unity/Hub/Editor/2020.2.2f1/Editor/Data/MonoBleedingEdge/lib/mono/unityjit'
Mono config path = 'C:/Program Files/Unity/Hub/Editor/2020.2.2f1/Editor/Data/MonoBleedingEdge/etc'
Using monoOptions --debugger-agent=transport=dt_socket,embedding=1,server=y,suspend=n,address=127.0.0.1:56756
Begin MonoManager ReloadAssembly
Registering precompiled unity dll's ...
Register platform support module: C:/Program Files/Unity/Hub/Editor/2020.2.2f1/Editor/Data/PlaybackEngines/WebGLSupport/UnityEditor.WebGL.Extensions.dll
Register platform support module: C:/Program Files/Unity/Hub/Editor/2020.2.2f1/Editor/Data/PlaybackEngines/MacStandaloneSupport/UnityEditor.OSXStandalone.Extensions.dll
Register platform support module: C:/Program Files/Unity/Hub/Editor/2020.2.2f1/Editor/Data/PlaybackEngines/WindowsStandaloneSupport/UnityEditor.WindowsStandalone.Extensions.dll
Register platform support module: C:/Program Files/Unity/Hub/Editor/2020.2.2f1/Editor/Data/PlaybackEngines/LinuxStandaloneSupport/UnityEditor.LinuxStandalone.Extensions.dll
Registered in 0.006124 seconds.
Native extension for LinuxStandalone target not found
Native extension for WindowsStandalone target not found
Native extension for OSXStandalone target not found
Native extension for WebGL target not found
Refreshing native plugins compatible for Editor in 75.77 ms, found 1 plugins.
Preloading 0 native plugins for Editor in 0.00 ms.
Invoked RoslynAnalysisRunner static constructor.
RoslynAnalysisRunner will not be running.
RoslynAnalysisRunner has terminated.
Mono: successfully reloaded assembly
- Completed reload, in  4.264 seconds
Platform modules already initialized, skipping
Registering precompiled user dll's ...
Registered in 0.002050 seconds.
Begin MonoManager ReloadAssembly
Native extension for LinuxStandalone target not found
Native extension for WindowsStandalone target not found
Native extension for OSXStandalone target not found
Native extension for WebGL target not found
Refreshing native plugins compatible for Editor in 70.37 ms, found 1 plugins.
Preloading 0 native plugins for Editor in 0.00 ms.
Invoked RoslynAnalysisRunner static constructor.
RoslynAnalysisRunner will not be running.
RoslynAnalysisRunner has terminated.
Mono: successfully reloaded assembly
- Completed reload, in  1.966 seconds
Platform modules already initialized, skipping
========================================================================
Worker process is ready to serve import requests
Launched and connected shader compiler UnityShaderCompiler.exe after 0.07 seconds
Refreshing native plugins compatible for Editor in 0.82 ms, found 1 plugins.
Preloading 0 native plugins for Editor in 0.00 ms.
Unloading 1907 Unused Serialized files (Serialized files now loaded: 0)
System memory in use before: 87.2 MB.
System memory in use after: 87.3 MB.

Unloading 32 unused Assets to reduce memory usage. Loaded Objects now: 2341.
Total: 3.844500 ms (FindLiveObjects: 0.501200 ms CreateObjectMapping: 0.627900 ms MarkObjects: 2.614000 ms  DeleteObjects: 0.099500 ms)

========================================================================
Received Import Request.
  path: Assets/Scenes/MonsterHome.unity
  artifactKey: Guid(5b9f89ef864a8a54997cf7c64e211181) Importer(815301076,1909f56bfc062723c751e8b465ee728b)
Start importing Assets/Scenes/MonsterHome.unity using Guid(5b9f89ef864a8a54997cf7c64e211181) Importer(815301076,1909f56bfc062723c751e8b465ee728b)  -> (artifact id: 'aecdc8f92d6d7dd8e514b5738e69b8e9') in 0.026560 seconds
  Import took 0.030751 seconds .

========================================================================
Received Import Request.
  Time since last request: 0.000322 seconds.
  path: Assets/Scenes/FeedingPrototype.unity
  artifactKey: Guid(e1dd301fcda863c4bbeb72072e99ab66) Importer(815301076,1909f56bfc062723c751e8b465ee728b)
Start importing Assets/Scenes/FeedingPrototype.unity using Guid(e1dd301fcda863c4bbeb72072e99ab66) Importer(815301076,1909f56bfc062723c751e8b465ee728b)  -> (artifact id: 'ce43c1782bd12eefb5ed00d6f7152bab') in 0.012923 seconds
  Import took 0.018293 seconds .

========================================================================
Received Import Request.
  Time since last request: 0.000296 seconds.
  path: Assets/Scenes/AttackPrototype.unity
  artifactKey: Guid(9be4aebca0252eb4eab7e5b2efba9533) Importer(815301076,1909f56bfc062723c751e8b465ee728b)
Start importing Assets/Scenes/AttackPrototype.unity using Guid(9be4aebca0252eb4eab7e5b2efba9533) Importer(815301076,1909f56bfc062723c751e8b465ee728b)  -> (artifact id: '2db314ca064621053003cc6c0a910816') in 0.014760 seconds
  Import took 0.019944 seconds .

========================================================================
Received Import Request.
  Time since last request: 0.000349 seconds.
  path: Assets/Scenes/MainMenu.unity
  artifactKey: Guid(31aa9ec70dd757d40b1a9c721fee1d35) Importer(815301076,1909f56bfc062723c751e8b465ee728b)
Start importing Assets/Scenes/MainMenu.unity using Guid(31aa9ec70dd757d40b1a9c721fee1d35) Importer(815301076,1909f56bfc062723c751e8b465ee728b)  -> (artifact id: '17f3ae1cf256a29ad1a2e32b07506e21') in 0.025915 seconds
  Import took 0.036921 seconds .

========================================================================
Received Import Request.
  Time since last request: 15.723418 seconds.
  path: Assets/_Scripts/GameManager.cs
  artifactKey: Guid(67226bf4d409ba64f87b84a223ec7d51) Importer(815301076,1909f56bfc062723c751e8b465ee728b)
Start importing Assets/_Scripts/GameManager.cs using Guid(67226bf4d409ba64f87b84a223ec7d51) Importer(815301076,1909f56bfc062723c751e8b465ee728b)  -> (artifact id: '97f53128d285c5bc1391fc08de42e955') in 0.064946 seconds
  Import took 0.072361 seconds .

========================================================================
Received Import Request.
  Time since last request: 4295.180932 seconds.
  path: Assets/_Scripts/MikkelTestMonster.cs
  artifactKey: Guid(3676a0bbd3900d64297d038cfb237c7e) Importer(815301076,1909f56bfc062723c751e8b465ee728b)
Start importing Assets/_Scripts/MikkelTestMonster.cs using Guid(3676a0bbd3900d64297d038cfb237c7e) Importer(815301076,1909f56bfc062723c751e8b465ee728b)  -> (artifact id: 'd6b68de81aa239ce02dec3bb6ea58652') in 0.022804 seconds
  Import took 0.138290 seconds .

========================================================================
Received Import Request.
  Time since last request: 340.115541 seconds.
  path: Assets/_Scripts/HealMonster.cs
  artifactKey: Guid(6d7283241176dc944a7fcdf15f703365) Importer(815301076,1909f56bfc062723c751e8b465ee728b)
Start importing Assets/_Scripts/HealMonster.cs using Guid(6d7283241176dc944a7fcdf15f703365) Importer(815301076,1909f56bfc062723c751e8b465ee728b)  -> (artifact id: '61c9c4aea5922491ed271b6650400abe') in 0.026319 seconds
  Import took 0.031927 seconds .

========================================================================
Received Import Request.
  Time since last request: 33.040576 seconds.
  path: Assets/_Scripts/CombatPrototype/MonsterManager_Prototype.cs
  artifactKey: Guid(54b32fa7c877d744eace6dddee202abb) Importer(815301076,1909f56bfc062723c751e8b465ee728b)
Start importing Assets/_Scripts/CombatPrototype/MonsterManager_Prototype.cs using Guid(54b32fa7c877d744eace6dddee202abb) Importer(815301076,1909f56bfc062723c751e8b465ee728b)  -> (artifact id: '7f63f77285ed84e46108f4c9d58c2d96') in 0.021628 seconds
  Import took 0.028225 seconds .

========================================================================
Received Prepare
Registering precompiled user dll's ...
Registered in 0.006013 seconds.
Begin MonoManager ReloadAssembly
Native extension for LinuxStandalone target not found
Native extension for WindowsStandalone target not found
Native extension for OSXStandalone target not found
Native extension for WebGL target not found
Refreshing native plugins compatible for Editor in 0.86 ms, found 1 plugins.
Preloading 0 native plugins for Editor in 0.00 ms.
Invoked RoslynAnalysisRunner static constructor.
RoslynAnalysisRunner will not be running.
RoslynAnalysisRunner has terminated.
Mono: successfully reloaded assembly
- Completed reload, in  3.752 seconds
Platform modules already initialized, skipping
Refreshing native plugins compatible for Editor in 0.90 ms, found 1 plugins.
Preloading 0 native plugins for Editor in 0.00 ms.
Unloading 1897 Unused Serialized files (Serialized files now loaded: 0)
System memory in use before: 86.9 MB.
System memory in use after: 87.0 MB.

Unloading 21 unused Assets to reduce memory usage. Loaded Objects now: 2344.
Total: 6.757600 ms (FindLiveObjects: 0.541800 ms CreateObjectMapping: 0.382300 ms MarkObjects: 5.788500 ms  DeleteObjects: 0.042800 ms)

========================================================================
Received Prepare
Registering precompiled user dll's ...
Registered in 0.096634 seconds.
Begin MonoManager ReloadAssembly
Native extension for LinuxStandalone target not found
Native extension for WindowsStandalone target not found
Native extension for OSXStandalone target not found
Native extension for WebGL target not found
Refreshing native plugins compatible for Editor in 2.30 ms, found 1 plugins.
Preloading 0 native plugins for Editor in 0.00 ms.
Invoked RoslynAnalysisRunner static constructor.
RoslynAnalysisRunner will not be running.
RoslynAnalysisRunner has terminated.
Mono: successfully reloaded assembly
- Completed reload, in  2.744 seconds
Platform modules already initialized, skipping
Refreshing native plugins compatible for Editor in 0.83 ms, found 1 plugins.
Preloading 0 native plugins for Editor in 0.00 ms.
Unloading 1897 Unused Serialized files (Serialized files now loaded: 0)
System memory in use before: 87.0 MB.
System memory in use after: 87.1 MB.

Unloading 20 unused Assets to reduce memory usage. Loaded Objects now: 2347.
Total: 5.160500 ms (FindLiveObjects: 1.257400 ms CreateObjectMapping: 0.235400 ms MarkObjects: 3.630200 ms  DeleteObjects: 0.035400 ms)

========================================================================
Received Prepare
Registering precompiled user dll's ...
Registered in 0.002995 seconds.
Begin MonoManager ReloadAssembly
Native extension for LinuxStandalone target not found
Native extension for WindowsStandalone target not found
Native extension for OSXStandalone target not found
Native extension for WebGL target not found
Refreshing native plugins compatible for Editor in 1.66 ms, found 1 plugins.
Preloading 0 native plugins for Editor in 0.00 ms.
Invoked RoslynAnalysisRunner static constructor.
RoslynAnalysisRunner will not be running.
RoslynAnalysisRunner has terminated.
Mono: successfully reloaded assembly
- Completed reload, in  3.061 seconds
Platform modules already initialized, skipping
Refreshing native plugins compatible for Editor in 2.76 ms, found 1 plugins.
Preloading 0 native plugins for Editor in 0.00 ms.
Unloading 1897 Unused Serialized files (Serialized files now loaded: 0)
System memory in use before: 87.1 MB.
System memory in use after: 87.2 MB.

Unloading 20 unused Assets to reduce memory usage. Loaded Objects now: 2350.
Total: 8.295700 ms (FindLiveObjects: 1.180400 ms CreateObjectMapping: 1.026500 ms MarkObjects: 6.025100 ms  DeleteObjects: 0.041800 ms)

========================================================================
Received Prepare
Registering precompiled user dll's ...
Registered in 0.004027 seconds.
Begin MonoManager ReloadAssembly
Native extension for LinuxStandalone target not found
Native extension for WindowsStandalone target not found
Native extension for OSXStandalone target not found
Native extension for WebGL target not found
Refreshing native plugins compatible for Editor in 1.04 ms, found 1 plugins.
Preloading 0 native plugins for Editor in 0.00 ms.
Invoked RoslynAnalysisRunner static constructor.
RoslynAnalysisRunner will not be running.
RoslynAnalysisRunner has terminated.
Mono: successfully reloaded assembly
- Completed reload, in  3.687 seconds
Platform modules already initialized, skipping
Refreshing native plugins compatible for Editor in 1.63 ms, found 1 plugins.
Preloading 0 native plugins for Editor in 0.00 ms.
Unloading 1897 Unused Serialized files (Serialized files now loaded: 0)
System memory in use before: 87.2 MB.
System memory in use after: 87.3 MB.

Unloading 20 unused Assets to reduce memory usage. Loaded Objects now: 2353.
Total: 3.872000 ms (FindLiveObjects: 0.734100 ms CreateObjectMapping: 0.133300 ms MarkObjects: 2.974600 ms  DeleteObjects: 0.028300 ms)

========================================================================
Received Prepare
Registering precompiled user dll's ...
Registered in 0.012614 seconds.
Begin MonoManager ReloadAssembly
Native extension for LinuxStandalone target not found
Native extension for WindowsStandalone target not found
Native extension for OSXStandalone target not found
Native extension for WebGL target not found
Refreshing native plugins compatible for Editor in 1.14 ms, found 1 plugins.
Preloading 0 native plugins for Editor in 0.00 ms.
Invoked RoslynAnalysisRunner static constructor.
RoslynAnalysisRunner will not be running.
RoslynAnalysisRunner has terminated.
Mono: successfully reloaded assembly
- Completed reload, in  6.457 seconds
Platform modules already initialized, skipping
Refreshing native plugins compatible for Editor in 3.75 ms, found 1 plugins.
Preloading 0 native plugins for Editor in 0.00 ms.
Unloading 1897 Unused Serialized files (Serialized files now loaded: 0)
System memory in use before: 87.3 MB.
System memory in use after: 87.4 MB.

Unloading 20 unused Assets to reduce memory usage. Loaded Objects now: 2356.
Total: 14.648300 ms (FindLiveObjects: 3.873600 ms CreateObjectMapping: 0.418800 ms MarkObjects: 10.288500 ms  DeleteObjects: 0.063400 ms)

AssetImportWorkerClient::OnTransportError - code=2 error=End of file
