Using pre-set license
Built from '2020.2/release' branch; Version is '2020.2.2f1 (068178b99f32) revision 426360'; Using compiler version '192528614'; Build Type 'Release'
OS: 'Windows 10 Home; OS build 19042.746; Version 2009; 64bit' Language: 'en' Physical Memory: 15771 MB
BatchMode: 1, IsHumanControllingUs: 0, StartBugReporterOnCrash: 0, Is64bit: 1, IsPro: 0

 COMMAND LINE ARGUMENTS:
C:\Program Files\Unity\Hub\Editor\2020.2.2f1\Editor\Unity.exe
-adb2
-batchMode
-noUpm
-name
AssetImportWorker0
-projectPath
C:/Users/roock/OneDrive/Skrivebord/Typoo Gams/MonsterCare/MonsterCare/Attack Prototype
-logFile
Logs/AssetImportWorker0.log
-srvPort
58556
Successfully changed project path to: C:/Users/roock/OneDrive/Skrivebord/Typoo Gams/MonsterCare/MonsterCare/Attack Prototype
C:/Users/roock/OneDrive/Skrivebord/Typoo Gams/MonsterCare/MonsterCare/Attack Prototype
Using Asset Import Pipeline V2.
Refreshing native plugins compatible for Editor in 46.51 ms, found 1 plugins.
Preloading 0 native plugins for Editor in 0.00 ms.
Initialize engine version: 2020.2.2f1 (068178b99f32)
[Subsystems] Discovering subsystems at path C:/Program Files/Unity/Hub/Editor/2020.2.2f1/Editor/Data/Resources/UnitySubsystems
[Subsystems] Discovering subsystems at path C:/Users/roock/OneDrive/Skrivebord/Typoo Gams/MonsterCare/MonsterCare/Attack Prototype/Assets
GfxDevice: creating device client; threaded=0
Direct3D:
    Version:  Direct3D 11.0 [level 11.1]
    Renderer: Radeon RX 5500M (ID=0x7340)
    Vendor:   
    VRAM:     4055 MB
    Driver:   27.20.14501.18003
Initialize mono
Mono path[0] = 'C:/Program Files/Unity/Hub/Editor/2020.2.2f1/Editor/Data/Managed'
Mono path[1] = 'C:/Program Files/Unity/Hub/Editor/2020.2.2f1/Editor/Data/MonoBleedingEdge/lib/mono/unityjit'
Mono config path = 'C:/Program Files/Unity/Hub/Editor/2020.2.2f1/Editor/Data/MonoBleedingEdge/etc'
Using monoOptions --debugger-agent=transport=dt_socket,embedding=1,server=y,suspend=n,address=127.0.0.1:56948
Begin MonoManager ReloadAssembly
Registering precompiled unity dll's ...
Register platform support module: C:/Program Files/Unity/Hub/Editor/2020.2.2f1/Editor/Data/PlaybackEngines/WebGLSupport/UnityEditor.WebGL.Extensions.dll
Register platform support module: C:/Program Files/Unity/Hub/Editor/2020.2.2f1/Editor/Data/PlaybackEngines/MacStandaloneSupport/UnityEditor.OSXStandalone.Extensions.dll
Register platform support module: C:/Program Files/Unity/Hub/Editor/2020.2.2f1/Editor/Data/PlaybackEngines/WindowsStandaloneSupport/UnityEditor.WindowsStandalone.Extensions.dll
Register platform support module: C:/Program Files/Unity/Hub/Editor/2020.2.2f1/Editor/Data/PlaybackEngines/LinuxStandaloneSupport/UnityEditor.LinuxStandalone.Extensions.dll
Register platform support module: C:/Program Files/Unity/Hub/Editor/2020.2.2f1/Editor/Data/PlaybackEngines/LuminSupport/UnityEditor.Lumin.Extensions.dll
Registered in 0.002995 seconds.
Native extension for Lumin target not found
Native extension for LinuxStandalone target not found
Native extension for WindowsStandalone target not found
Native extension for OSXStandalone target not found
Native extension for WebGL target not found
Refreshing native plugins compatible for Editor in 42.41 ms, found 1 plugins.
Preloading 0 native plugins for Editor in 0.00 ms.
Invoked RoslynAnalysisRunner static constructor.
RoslynAnalysisRunner will not be running.
RoslynAnalysisRunner has terminated.
Mono: successfully reloaded assembly
- Completed reload, in  2.123 seconds
Platform modules already initialized, skipping
Registering precompiled user dll's ...
Registered in 0.001500 seconds.
Begin MonoManager ReloadAssembly
Error: Could not load signature of Unity.Android.Logcat.AndroidLogcat:.ctor due to: Could not load file or assembly 'UnityEditor.Android.Extensions, Version=1.0.0.0, Culture=neutral, PublicKeyToken=null' or one of its dependencies. assembly:UnityEditor.Android.Extensions, Version=1.0.0.0, Culture=neutral, PublicKeyToken=null type:<unknown type> member:(null) signature:<none>
0x00007ff7f306f02c (Unity) StackWalker::GetCurrentCallstack
0x00007ff7f3077409 (Unity) StackWalker::ShowCallstack
0x00007ff7f453fafc (Unity) GetStacktrace
0x00007ff7f561af63 (Unity) DebugStringToFile
0x00007ff7f2e959eb (Unity) ScanForAttributesAndInterfaceImplementations
0x00007ff7f2ea8dba (Unity) MonoManager::EndReloadAssembly
0x00007ff7f2eaffe9 (Unity) MonoManager::ReloadAssembly
0x00007ff7f424a2a1 (Unity) LoadDomainAndUserAssemblies
0x00007ff7f424a74e (Unity) LoadUserAssemblies
0x00007ff7f3bd7ee1 (Unity) Application::InitializeProject
0x00007ff7f454d0b2 (Unity) WinMain
0x00007ff7f63b0c66 (Unity) __scrt_common_main_seh
0x00007ff853867034 (KERNEL32) BaseThreadInitThunk
0x00007ff8548bd0d1 (ntdll) RtlUserThreadStart

Unloading broken assembly Library/ScriptAssemblies/Unity.Mobile.AndroidLogcat.Editor.dll, this assembly can cause crashes in the runtime
0x00007ff7f306f02c (Unity) StackWalker::GetCurrentCallstack
0x00007ff7f3077409 (Unity) StackWalker::ShowCallstack
0x00007ff7f453fafc (Unity) GetStacktrace
0x00007ff7f561af63 (Unity) DebugStringToFile
0x00007ff7f2eb1b39 (Unity) MonoManager::SetupLoadedEditorAssemblies
0x00007ff7f2ea910c (Unity) MonoManager::EndReloadAssembly
0x00007ff7f2eaffe9 (Unity) MonoManager::ReloadAssembly
0x00007ff7f424a2a1 (Unity) LoadDomainAndUserAssemblies
0x00007ff7f424a74e (Unity) LoadUserAssemblies
0x00007ff7f3bd7ee1 (Unity) Application::InitializeProject
0x00007ff7f454d0b2 (Unity) WinMain
0x00007ff7f63b0c66 (Unity) __scrt_common_main_seh
0x00007ff853867034 (KERNEL32) BaseThreadInitThunk
0x00007ff8548bd0d1 (ntdll) RtlUserThreadStart

Native extension for Lumin target not found
Native extension for LinuxStandalone target not found
Native extension for WindowsStandalone target not found
Native extension for OSXStandalone target not found
Native extension for WebGL target not found
Refreshing native plugins compatible for Editor in 49.78 ms, found 1 plugins.
Preloading 0 native plugins for Editor in 0.00 ms.
Invoked RoslynAnalysisRunner static constructor.
RoslynAnalysisRunner will not be running.
RoslynAnalysisRunner has terminated.
Mono: successfully reloaded assembly
- Completed reload, in  2.659 seconds
Platform modules already initialized, skipping
========================================================================
Worker process is ready to serve import requests
Launched and connected shader compiler UnityShaderCompiler.exe after 0.04 seconds
Refreshing native plugins compatible for Editor in 0.50 ms, found 1 plugins.
Preloading 0 native plugins for Editor in 0.00 ms.
Unloading 1918 Unused Serialized files (Serialized files now loaded: 0)
System memory in use before: 88.3 MB.
System memory in use after: 88.4 MB.

Unloading 32 unused Assets to reduce memory usage. Loaded Objects now: 2351.
Total: 4.175900 ms (FindLiveObjects: 0.332100 ms CreateObjectMapping: 0.093100 ms MarkObjects: 3.648200 ms  DeleteObjects: 0.099700 ms)

========================================================================
Received Import Request.
  path: Assets/_Scripts/GameManager.cs
  artifactKey: Guid(67226bf4d409ba64f87b84a223ec7d51) Importer(815301076,1909f56bfc062723c751e8b465ee728b)
Start importing Assets/_Scripts/GameManager.cs using Guid(67226bf4d409ba64f87b84a223ec7d51) Importer(815301076,1909f56bfc062723c751e8b465ee728b)  -> (artifact id: '3457b1e34dbdb1da148588f9abe954d6') in 0.040563 seconds
  Import took 0.049888 seconds .

AssetImportWorkerClient::OnTransportError - code=2 error=End of file
