Using pre-set license
Built from '2020.2/release' branch; Version is '2020.2.2f1 (068178b99f32) revision 426360'; Using compiler version '192528614'; Build Type 'Release'
OS: 'Windows 10 Home; OS build 19042.746; Version 2009; 64bit' Language: 'en' Physical Memory: 15771 MB
BatchMode: 1, IsHumanControllingUs: 0, StartBugReporterOnCrash: 0, Is64bit: 1, IsPro: 0

 COMMAND LINE ARGUMENTS:
C:\Program Files\Unity\Hub\Editor\2020.2.2f1\Editor\Unity.exe
-adb2
-batchMode
-noUpm
-name
AssetImportWorker0
-projectPath
C:/Users/roock/OneDrive/Skrivebord/Typoo Gams/MonsterCare/MonsterCare/Attack Prototype
-logFile
Logs/AssetImportWorker0.log
-srvPort
50426
Successfully changed project path to: C:/Users/roock/OneDrive/Skrivebord/Typoo Gams/MonsterCare/MonsterCare/Attack Prototype
C:/Users/roock/OneDrive/Skrivebord/Typoo Gams/MonsterCare/MonsterCare/Attack Prototype
Using Asset Import Pipeline V2.
Refreshing native plugins compatible for Editor in 40.64 ms, found 1 plugins.
Preloading 0 native plugins for Editor in 0.00 ms.
Initialize engine version: 2020.2.2f1 (068178b99f32)
[Subsystems] Discovering subsystems at path C:/Program Files/Unity/Hub/Editor/2020.2.2f1/Editor/Data/Resources/UnitySubsystems
[Subsystems] Discovering subsystems at path C:/Users/roock/OneDrive/Skrivebord/Typoo Gams/MonsterCare/MonsterCare/Attack Prototype/Assets
GfxDevice: creating device client; threaded=0
Direct3D:
    Version:  Direct3D 11.0 [level 11.1]
    Renderer: Radeon RX 5500M (ID=0x7340)
    Vendor:   
    VRAM:     4055 MB
    Driver:   27.20.14501.18003
Initialize mono
Mono path[0] = 'C:/Program Files/Unity/Hub/Editor/2020.2.2f1/Editor/Data/Managed'
Mono path[1] = 'C:/Program Files/Unity/Hub/Editor/2020.2.2f1/Editor/Data/MonoBleedingEdge/lib/mono/unityjit'
Mono config path = 'C:/Program Files/Unity/Hub/Editor/2020.2.2f1/Editor/Data/MonoBleedingEdge/etc'
Using monoOptions --debugger-agent=transport=dt_socket,embedding=1,server=y,suspend=n,address=127.0.0.1:56056
Begin MonoManager ReloadAssembly
Registering precompiled unity dll's ...
Register platform support module: C:/Program Files/Unity/Hub/Editor/2020.2.2f1/Editor/Data/PlaybackEngines/WebGLSupport/UnityEditor.WebGL.Extensions.dll
Register platform support module: C:/Program Files/Unity/Hub/Editor/2020.2.2f1/Editor/Data/PlaybackEngines/MacStandaloneSupport/UnityEditor.OSXStandalone.Extensions.dll
Register platform support module: C:/Program Files/Unity/Hub/Editor/2020.2.2f1/Editor/Data/PlaybackEngines/WindowsStandaloneSupport/UnityEditor.WindowsStandalone.Extensions.dll
Register platform support module: C:/Program Files/Unity/Hub/Editor/2020.2.2f1/Editor/Data/PlaybackEngines/LinuxStandaloneSupport/UnityEditor.LinuxStandalone.Extensions.dll
Register platform support module: C:/Program Files/Unity/Hub/Editor/2020.2.2f1/Editor/Data/PlaybackEngines/LuminSupport/UnityEditor.Lumin.Extensions.dll
Registered in 0.002748 seconds.
Native extension for Lumin target not found
Native extension for LinuxStandalone target not found
Native extension for WindowsStandalone target not found
Native extension for OSXStandalone target not found
Native extension for WebGL target not found
Refreshing native plugins compatible for Editor in 38.24 ms, found 1 plugins.
Preloading 0 native plugins for Editor in 0.00 ms.
Invoked RoslynAnalysisRunner static constructor.
RoslynAnalysisRunner will not be running.
RoslynAnalysisRunner has terminated.
Mono: successfully reloaded assembly
- Completed reload, in  1.855 seconds
Platform modules already initialized, skipping
Registering precompiled user dll's ...
Registered in 0.000908 seconds.
Begin MonoManager ReloadAssembly
Native extension for Lumin target not found
Native extension for LinuxStandalone target not found
Native extension for WindowsStandalone target not found
Native extension for OSXStandalone target not found
Native extension for WebGL target not found
Refreshing native plugins compatible for Editor in 37.75 ms, found 1 plugins.
Preloading 0 native plugins for Editor in 0.00 ms.
Invoked RoslynAnalysisRunner static constructor.
RoslynAnalysisRunner will not be running.
RoslynAnalysisRunner has terminated.
Mono: successfully reloaded assembly
- Completed reload, in  0.855 seconds
Platform modules already initialized, skipping
========================================================================
Worker process is ready to serve import requests
Launched and connected shader compiler UnityShaderCompiler.exe after 0.04 seconds
Refreshing native plugins compatible for Editor in 0.47 ms, found 1 plugins.
Preloading 0 native plugins for Editor in 0.00 ms.
Unloading 1915 Unused Serialized files (Serialized files now loaded: 0)
System memory in use before: 88.1 MB.
System memory in use after: 88.2 MB.

Unloading 32 unused Assets to reduce memory usage. Loaded Objects now: 2349.
Total: 2.404400 ms (FindLiveObjects: 0.433700 ms CreateObjectMapping: 0.152200 ms MarkObjects: 1.743600 ms  DeleteObjects: 0.073100 ms)

========================================================================
Received Import Request.
  path: Assets/Scenes/FeedingPrototype.unity
  artifactKey: Guid(e1dd301fcda863c4bbeb72072e99ab66) Importer(815301076,1909f56bfc062723c751e8b465ee728b)
Start importing Assets/Scenes/FeedingPrototype.unity using Guid(e1dd301fcda863c4bbeb72072e99ab66) Importer(815301076,1909f56bfc062723c751e8b465ee728b)  -> (artifact id: 'f1eeb11623c053e52b68b785261df607') in 0.015366 seconds
  Import took 0.018861 seconds .

========================================================================
Received Import Request.
  Time since last request: 0.000253 seconds.
  path: Assets/Scenes/AttackPrototype.unity
  artifactKey: Guid(b089d8f083f9ba749b20d5fc17ce839e) Importer(815301076,1909f56bfc062723c751e8b465ee728b)
Start importing Assets/Scenes/AttackPrototype.unity using Guid(b089d8f083f9ba749b20d5fc17ce839e) Importer(815301076,1909f56bfc062723c751e8b465ee728b)  -> (artifact id: '107e2016013220508cf6c8dc61e32585') in 0.003775 seconds
  Import took 0.006986 seconds .

========================================================================
Received Import Request.
  Time since last request: 31.374637 seconds.
  path: Assets/Scenes/FeedingPrototype.unity
  artifactKey: Guid(e1dd301fcda863c4bbeb72072e99ab66) Importer(815301076,1909f56bfc062723c751e8b465ee728b)
Start importing Assets/Scenes/FeedingPrototype.unity using Guid(e1dd301fcda863c4bbeb72072e99ab66) Importer(815301076,1909f56bfc062723c751e8b465ee728b)  -> (artifact id: '8481cb37be1d0d53bfa962d329d47234') in 0.003753 seconds
  Import took 0.007195 seconds .

========================================================================
Received Import Request.
  Time since last request: 22.670008 seconds.
  path: Assets/Scenes/MonsterHome_MainPrototype.unity
  artifactKey: Guid(1b3f92e7abc7f5b47b8a4cb62a034554) Importer(815301076,1909f56bfc062723c751e8b465ee728b)
Start importing Assets/Scenes/MonsterHome_MainPrototype.unity using Guid(1b3f92e7abc7f5b47b8a4cb62a034554) Importer(815301076,1909f56bfc062723c751e8b465ee728b)  -> (artifact id: '701fe5b080173c654cfee086aa0dbdee') in 0.003762 seconds
  Import took 0.007225 seconds .

========================================================================
Received Prepare
Registering precompiled user dll's ...
Registered in 0.001902 seconds.
Begin MonoManager ReloadAssembly
Native extension for Lumin target not found
Native extension for LinuxStandalone target not found
Native extension for WindowsStandalone target not found
Native extension for OSXStandalone target not found
Native extension for WebGL target not found
Refreshing native plugins compatible for Editor in 0.48 ms, found 1 plugins.
Preloading 0 native plugins for Editor in 0.00 ms.
Invoked RoslynAnalysisRunner static constructor.
RoslynAnalysisRunner will not be running.
RoslynAnalysisRunner has terminated.
Mono: successfully reloaded assembly
- Completed reload, in  0.807 seconds
Platform modules already initialized, skipping
Refreshing native plugins compatible for Editor in 0.47 ms, found 1 plugins.
Preloading 0 native plugins for Editor in 0.00 ms.
Unloading 1905 Unused Serialized files (Serialized files now loaded: 0)
System memory in use before: 88.0 MB.
System memory in use after: 88.1 MB.

Unloading 20 unused Assets to reduce memory usage. Loaded Objects now: 2352.
Total: 2.182100 ms (FindLiveObjects: 0.280200 ms CreateObjectMapping: 0.060000 ms MarkObjects: 1.817300 ms  DeleteObjects: 0.023300 ms)

========================================================================
Received Prepare
Registering precompiled user dll's ...
Registered in 0.000907 seconds.
Begin MonoManager ReloadAssembly
Native extension for Lumin target not found
Native extension for LinuxStandalone target not found
Native extension for WindowsStandalone target not found
Native extension for OSXStandalone target not found
Native extension for WebGL target not found
Refreshing native plugins compatible for Editor in 0.52 ms, found 1 plugins.
Preloading 0 native plugins for Editor in 0.00 ms.
Invoked RoslynAnalysisRunner static constructor.
RoslynAnalysisRunner will not be running.
RoslynAnalysisRunner has terminated.
Mono: successfully reloaded assembly
- Completed reload, in  0.790 seconds
Platform modules already initialized, skipping
Refreshing native plugins compatible for Editor in 0.51 ms, found 1 plugins.
Preloading 0 native plugins for Editor in 0.00 ms.
Unloading 1905 Unused Serialized files (Serialized files now loaded: 0)
System memory in use before: 88.1 MB.
System memory in use after: 88.3 MB.

Unloading 20 unused Assets to reduce memory usage. Loaded Objects now: 2355.
Total: 2.894900 ms (FindLiveObjects: 0.281800 ms CreateObjectMapping: 0.054400 ms MarkObjects: 2.524100 ms  DeleteObjects: 0.033400 ms)

========================================================================
Received Prepare
Registering precompiled user dll's ...
Registered in 0.001395 seconds.
Begin MonoManager ReloadAssembly
Native extension for Lumin target not found
Native extension for LinuxStandalone target not found
Native extension for WindowsStandalone target not found
Native extension for OSXStandalone target not found
Native extension for WebGL target not found
Refreshing native plugins compatible for Editor in 0.52 ms, found 1 plugins.
Preloading 0 native plugins for Editor in 0.00 ms.
Invoked RoslynAnalysisRunner static constructor.
RoslynAnalysisRunner will not be running.
RoslynAnalysisRunner has terminated.
Mono: successfully reloaded assembly
- Completed reload, in  0.763 seconds
Platform modules already initialized, skipping
Refreshing native plugins compatible for Editor in 0.47 ms, found 1 plugins.
Preloading 0 native plugins for Editor in 0.00 ms.
Unloading 1905 Unused Serialized files (Serialized files now loaded: 0)
System memory in use before: 88.2 MB.
System memory in use after: 88.3 MB.

Unloading 20 unused Assets to reduce memory usage. Loaded Objects now: 2358.
Total: 2.081700 ms (FindLiveObjects: 0.251800 ms CreateObjectMapping: 0.086500 ms MarkObjects: 1.722400 ms  DeleteObjects: 0.019200 ms)

========================================================================
Received Import Request.
  Time since last request: 250.784522 seconds.
  path: Assets/Prefabs/FeedingPrototype/FOOD.prefab
  artifactKey: Guid(ce2240698a98717459ae79cf304eb17f) Importer(815301076,1909f56bfc062723c751e8b465ee728b)
Start importing Assets/Prefabs/FeedingPrototype/FOOD.prefab using Guid(ce2240698a98717459ae79cf304eb17f) Importer(815301076,1909f56bfc062723c751e8b465ee728b)  -> (artifact id: '89c2bab4deb99107833cb4e49e768588') in 0.109170 seconds
  Import took 0.112816 seconds .

========================================================================
Received Import Request.
  Time since last request: 0.000848 seconds.
  path: Assets/Prefabs/FeedingPrototype/FOOD.prefab
  artifactKey: Guid(ce2240698a98717459ae79cf304eb17f) Importer(815301076,1909f56bfc062723c751e8b465ee728b)
Start importing Assets/Prefabs/FeedingPrototype/FOOD.prefab using Guid(ce2240698a98717459ae79cf304eb17f) Importer(815301076,1909f56bfc062723c751e8b465ee728b)  -> (artifact id: '89c2bab4deb99107833cb4e49e768588') in 0.013482 seconds
  Import took 0.017081 seconds .

========================================================================
Received Prepare
Registering precompiled user dll's ...
Registered in 0.001000 seconds.
Begin MonoManager ReloadAssembly
Native extension for Lumin target not found
Native extension for LinuxStandalone target not found
Native extension for WindowsStandalone target not found
Native extension for OSXStandalone target not found
Native extension for WebGL target not found
Refreshing native plugins compatible for Editor in 0.51 ms, found 1 plugins.
Preloading 0 native plugins for Editor in 0.00 ms.
Invoked RoslynAnalysisRunner static constructor.
RoslynAnalysisRunner will not be running.
RoslynAnalysisRunner has terminated.
Mono: successfully reloaded assembly
- Completed reload, in  0.783 seconds
Platform modules already initialized, skipping
Refreshing native plugins compatible for Editor in 0.76 ms, found 1 plugins.
Preloading 0 native plugins for Editor in 0.00 ms.
Unloading 1905 Unused Serialized files (Serialized files now loaded: 0)
System memory in use before: 91.5 MB.
System memory in use after: 91.6 MB.

Unloading 20 unused Assets to reduce memory usage. Loaded Objects now: 2370.
Total: 2.255400 ms (FindLiveObjects: 0.277400 ms CreateObjectMapping: 0.089500 ms MarkObjects: 1.863300 ms  DeleteObjects: 0.023200 ms)

========================================================================
Received Import Request.
  Time since last request: 59.980262 seconds.
  path: Assets/Sprites/Food_Sprites/Foob_Sprite/+.png
  artifactKey: Guid(eed7b8ec39b41ca43ae918cc1ebea125) Importer(815301076,1909f56bfc062723c751e8b465ee728b)
Start importing Assets/Sprites/Food_Sprites/Foob_Sprite/+.png using Guid(eed7b8ec39b41ca43ae918cc1ebea125) Importer(815301076,1909f56bfc062723c751e8b465ee728b)  -> (artifact id: 'bcf8f5fd08e5613ca3f5f07e97d64b60') in 0.124103 seconds
  Import took 0.127667 seconds .

========================================================================
Received Import Request.
  Time since last request: 13.031247 seconds.
  path: Assets/Prefabs/FeedingPrototype/FOOD.prefab
  artifactKey: Guid(ce2240698a98717459ae79cf304eb17f) Importer(815301076,1909f56bfc062723c751e8b465ee728b)
Start importing Assets/Prefabs/FeedingPrototype/FOOD.prefab using Guid(ce2240698a98717459ae79cf304eb17f) Importer(815301076,1909f56bfc062723c751e8b465ee728b)  -> (artifact id: '95472ff83c2834c14df6bd77a16dfbf8') in 0.035326 seconds
  Import took 0.038421 seconds .

========================================================================
Received Import Request.
  Time since last request: 3.241391 seconds.
  path: Assets/Prefabs/FeedingPrototype/FOOD.prefab
  artifactKey: Guid(ce2240698a98717459ae79cf304eb17f) Importer(815301076,1909f56bfc062723c751e8b465ee728b)
Start importing Assets/Prefabs/FeedingPrototype/FOOD.prefab using Guid(ce2240698a98717459ae79cf304eb17f) Importer(815301076,1909f56bfc062723c751e8b465ee728b)  -> (artifact id: 'e65c855949eb1542ebead6b20672d0a9') in 0.012295 seconds
  Import took 0.015468 seconds .

========================================================================
Received Import Request.
  Time since last request: 2.494670 seconds.
  path: Assets/Prefabs/FeedingPrototype/FOOD.prefab
  artifactKey: Guid(ce2240698a98717459ae79cf304eb17f) Importer(815301076,1909f56bfc062723c751e8b465ee728b)
Start importing Assets/Prefabs/FeedingPrototype/FOOD.prefab using Guid(ce2240698a98717459ae79cf304eb17f) Importer(815301076,1909f56bfc062723c751e8b465ee728b)  -> (artifact id: '52cbfd5bb7d0b691ede8409374c80155') in 0.012160 seconds
  Import took 0.015115 seconds .

========================================================================
Received Import Request.
  Time since last request: 2.952014 seconds.
  path: Assets/Prefabs/FeedingPrototype/FOOD.prefab
  artifactKey: Guid(ce2240698a98717459ae79cf304eb17f) Importer(815301076,1909f56bfc062723c751e8b465ee728b)
Start importing Assets/Prefabs/FeedingPrototype/FOOD.prefab using Guid(ce2240698a98717459ae79cf304eb17f) Importer(815301076,1909f56bfc062723c751e8b465ee728b)  -> (artifact id: '10656320631518a243a41b852b9f2636') in 0.010218 seconds
  Import took 0.013494 seconds .

========================================================================
Received Import Request.
  Time since last request: 2.669416 seconds.
  path: Assets/Prefabs/FeedingPrototype/FOOD.prefab
  artifactKey: Guid(ce2240698a98717459ae79cf304eb17f) Importer(815301076,1909f56bfc062723c751e8b465ee728b)
Start importing Assets/Prefabs/FeedingPrototype/FOOD.prefab using Guid(ce2240698a98717459ae79cf304eb17f) Importer(815301076,1909f56bfc062723c751e8b465ee728b)  -> (artifact id: '5b7b938a975020f2fb8664a539c2a8be') in 0.012339 seconds
  Import took 0.015777 seconds .

========================================================================
Received Import Request.
  Time since last request: 2.297638 seconds.
  path: Assets/Prefabs/FeedingPrototype/FOOD.prefab
  artifactKey: Guid(ce2240698a98717459ae79cf304eb17f) Importer(815301076,1909f56bfc062723c751e8b465ee728b)
Start importing Assets/Prefabs/FeedingPrototype/FOOD.prefab using Guid(ce2240698a98717459ae79cf304eb17f) Importer(815301076,1909f56bfc062723c751e8b465ee728b)  -> (artifact id: '293c02718fa3337304d17df153ff774e') in 0.010393 seconds
  Import took 0.013387 seconds .

========================================================================
Received Import Request.
  Time since last request: 1.636207 seconds.
  path: Assets/Prefabs/FeedingPrototype/FOOD.prefab
  artifactKey: Guid(ce2240698a98717459ae79cf304eb17f) Importer(815301076,1909f56bfc062723c751e8b465ee728b)
Start importing Assets/Prefabs/FeedingPrototype/FOOD.prefab using Guid(ce2240698a98717459ae79cf304eb17f) Importer(815301076,1909f56bfc062723c751e8b465ee728b)  -> (artifact id: '39a4912edf809683631979a09d4bdefe') in 0.011780 seconds
  Import took 0.015298 seconds .

========================================================================
Received Import Request.
  Time since last request: 5.198861 seconds.
  path: Assets/Prefabs/FeedingPrototype/FOOD.prefab
  artifactKey: Guid(ce2240698a98717459ae79cf304eb17f) Importer(815301076,1909f56bfc062723c751e8b465ee728b)
Start importing Assets/Prefabs/FeedingPrototype/FOOD.prefab using Guid(ce2240698a98717459ae79cf304eb17f) Importer(815301076,1909f56bfc062723c751e8b465ee728b)  -> (artifact id: '4734eceb9df4b5e38097511f5c73431d') in 0.012575 seconds
  Import took 0.015631 seconds .

========================================================================
Received Import Request.
  Time since last request: 2.465104 seconds.
  path: Assets/Prefabs/FeedingPrototype/FOOD.prefab
  artifactKey: Guid(ce2240698a98717459ae79cf304eb17f) Importer(815301076,1909f56bfc062723c751e8b465ee728b)
Start importing Assets/Prefabs/FeedingPrototype/FOOD.prefab using Guid(ce2240698a98717459ae79cf304eb17f) Importer(815301076,1909f56bfc062723c751e8b465ee728b)  -> (artifact id: 'fdb0bb823ef3aa779c42db6346bb449e') in 0.010605 seconds
  Import took 0.013770 seconds .

========================================================================
Received Import Request.
  Time since last request: 3.371530 seconds.
  path: Assets/Prefabs/FeedingPrototype/FOOD.prefab
  artifactKey: Guid(ce2240698a98717459ae79cf304eb17f) Importer(815301076,1909f56bfc062723c751e8b465ee728b)
Start importing Assets/Prefabs/FeedingPrototype/FOOD.prefab using Guid(ce2240698a98717459ae79cf304eb17f) Importer(815301076,1909f56bfc062723c751e8b465ee728b)  -> (artifact id: 'e0d7e41966a2c84832df4acf3e6fa336') in 0.010152 seconds
  Import took 0.013191 seconds .

========================================================================
Received Import Request.
  Time since last request: 2.471658 seconds.
  path: Assets/Prefabs/FeedingPrototype/FOOD.prefab
  artifactKey: Guid(ce2240698a98717459ae79cf304eb17f) Importer(815301076,1909f56bfc062723c751e8b465ee728b)
Start importing Assets/Prefabs/FeedingPrototype/FOOD.prefab using Guid(ce2240698a98717459ae79cf304eb17f) Importer(815301076,1909f56bfc062723c751e8b465ee728b)  -> (artifact id: '9bf2217592410c155a4feee69c43ef5c') in 0.010580 seconds
  Import took 0.013822 seconds .

========================================================================
Received Import Request.
  Time since last request: 2.701564 seconds.
  path: Assets/Prefabs/FeedingPrototype/FOOD.prefab
  artifactKey: Guid(ce2240698a98717459ae79cf304eb17f) Importer(815301076,1909f56bfc062723c751e8b465ee728b)
Start importing Assets/Prefabs/FeedingPrototype/FOOD.prefab using Guid(ce2240698a98717459ae79cf304eb17f) Importer(815301076,1909f56bfc062723c751e8b465ee728b)  -> (artifact id: '6a4835b3154fa330d132be560df44734') in 0.010700 seconds
  Import took 0.014068 seconds .

========================================================================
Received Import Request.
  Time since last request: 2.337914 seconds.
  path: Assets/Prefabs/FeedingPrototype/FOOD.prefab
  artifactKey: Guid(ce2240698a98717459ae79cf304eb17f) Importer(815301076,1909f56bfc062723c751e8b465ee728b)
Start importing Assets/Prefabs/FeedingPrototype/FOOD.prefab using Guid(ce2240698a98717459ae79cf304eb17f) Importer(815301076,1909f56bfc062723c751e8b465ee728b)  -> (artifact id: '20649cd68d60ae443a30c0f3bcd61e5c') in 0.011535 seconds
  Import took 0.014666 seconds .

========================================================================
Received Import Request.
  Time since last request: 2.767521 seconds.
  path: Assets/Prefabs/FeedingPrototype/FOOD.prefab
  artifactKey: Guid(ce2240698a98717459ae79cf304eb17f) Importer(815301076,1909f56bfc062723c751e8b465ee728b)
Start importing Assets/Prefabs/FeedingPrototype/FOOD.prefab using Guid(ce2240698a98717459ae79cf304eb17f) Importer(815301076,1909f56bfc062723c751e8b465ee728b)  -> (artifact id: '8603e2b9ed428da89ca3f662a2819483') in 0.010757 seconds
  Import took 0.013991 seconds .

========================================================================
Received Import Request.
  Time since last request: 2.258812 seconds.
  path: Assets/Prefabs/FeedingPrototype/FOOD.prefab
  artifactKey: Guid(ce2240698a98717459ae79cf304eb17f) Importer(815301076,1909f56bfc062723c751e8b465ee728b)
Start importing Assets/Prefabs/FeedingPrototype/FOOD.prefab using Guid(ce2240698a98717459ae79cf304eb17f) Importer(815301076,1909f56bfc062723c751e8b465ee728b)  -> (artifact id: '8bc9a64c127155382db6d14bfc09dd3e') in 0.010816 seconds
  Import took 0.013918 seconds .

========================================================================
Received Import Request.
  Time since last request: 4.317470 seconds.
  path: Assets/Prefabs/FeedingPrototype/FOOD.prefab
  artifactKey: Guid(ce2240698a98717459ae79cf304eb17f) Importer(815301076,1909f56bfc062723c751e8b465ee728b)
Start importing Assets/Prefabs/FeedingPrototype/FOOD.prefab using Guid(ce2240698a98717459ae79cf304eb17f) Importer(815301076,1909f56bfc062723c751e8b465ee728b)  -> (artifact id: '932fe8d19e118a1a9845f865570d051e') in 0.012542 seconds
  Import took 0.015675 seconds .

========================================================================
Received Import Request.
  Time since last request: 3.350977 seconds.
  path: Assets/Prefabs/FeedingPrototype/FOOD.prefab
  artifactKey: Guid(ce2240698a98717459ae79cf304eb17f) Importer(815301076,1909f56bfc062723c751e8b465ee728b)
Start importing Assets/Prefabs/FeedingPrototype/FOOD.prefab using Guid(ce2240698a98717459ae79cf304eb17f) Importer(815301076,1909f56bfc062723c751e8b465ee728b)  -> (artifact id: '61cc7b6afdca482f0c7365c7b7f714d5') in 0.011098 seconds
  Import took 0.014221 seconds .

========================================================================
Received Prepare
Registering precompiled user dll's ...
Registered in 0.001196 seconds.
Begin MonoManager ReloadAssembly
Native extension for Lumin target not found
Native extension for LinuxStandalone target not found
Native extension for WindowsStandalone target not found
Native extension for OSXStandalone target not found
Native extension for WebGL target not found
Refreshing native plugins compatible for Editor in 0.74 ms, found 1 plugins.
Preloading 0 native plugins for Editor in 0.00 ms.
Invoked RoslynAnalysisRunner static constructor.
RoslynAnalysisRunner will not be running.
RoslynAnalysisRunner has terminated.
Mono: successfully reloaded assembly
- Completed reload, in  0.844 seconds
Platform modules already initialized, skipping
Refreshing native plugins compatible for Editor in 0.76 ms, found 1 plugins.
Preloading 0 native plugins for Editor in 0.00 ms.
Unloading 1905 Unused Serialized files (Serialized files now loaded: 0)
System memory in use before: 91.6 MB.
System memory in use after: 91.8 MB.

Unloading 20 unused Assets to reduce memory usage. Loaded Objects now: 2393.
Total: 3.815200 ms (FindLiveObjects: 0.206600 ms CreateObjectMapping: 0.043900 ms MarkObjects: 3.539000 ms  DeleteObjects: 0.024100 ms)

AssetImportWorkerClient::OnTransportError - code=2 error=End of file
